<?xml version="1.0" encoding="UTF-8"?>
<testsuite name="Technical Challenge" tests="1" skipped="0" failures="0" errors="0" timestamp="2021-10-19T15:43:58" hostname="LAPTOP-TTSHHE2V" time="55.24">
  <properties/>
  <testcase name="Search for a automation course" classname="Technical Challenge" time="55.24"/>
  <system-out><![CDATA[]]></system-out>
  <system-err><![CDATA[[Test worker] WARN net.thucydides.core.steps.BaseStepListener - stepStarted: net.thucydides.core.steps.ExecutedStepDescription@2f547f70
[Test worker] WARN net.thucydides.core.steps.BaseStepListener - stepFinished: current outcome:Search for a automation course:Example: {strFirstName=josefer, strLastName=Moncada, strEmail=memoncaditapp@hotmail.com, strMes=August, strDia=2, strAno=2002, strLenguaje=Spanish, strCity=Bogota D.C, strCodPostal=250240, strMovilBrand=Samsung, strMovilModel=A900, strMovilOperating=BlackBerry 4.2.2, strPassword=Colombianos87., strConfirmPassword=Colombianos87., strUserLogin=memoncaditapp@hotmail.com, strPassLogin=Colombianos87.} [Given that Manuel needs to learn how to register on Utest portal with our help]
[Test worker] WARN net.thucydides.core.steps.BaseStepListener - stepStarted: net.thucydides.core.steps.ExecutedStepDescription@41d76e2d
[Test worker] WARN net.thucydides.core.steps.BaseStepListener - stepStarted: net.thucydides.core.steps.ExecutedStepDescription@5927739f
[Test worker] WARN net.thucydides.core.steps.BaseStepListener - stepStarted: net.thucydides.core.steps.ExecutedStepDescription@57d751f
oct 19, 2021 10:44:00 AM org.openqa.selenium.remote.DesiredCapabilities chrome
INFORMACIÓN: Using `new ChromeOptions()` is preferred to `DesiredCapabilities.chrome()`
[Test worker] INFO net.serenitybdd.core.webdriver.driverproviders.ProvideNewDriver - Instantiating driver
[Test worker] INFO net.serenitybdd.core.webdriver.driverproviders.ProvideNewDriver - Driver capabilities: Capabilities {acceptInsecureCerts: false, browserName: chrome, chrome.switches: --start-maximized, goog:chromeOptions: {args: [--start-maximized], extensions: []}, loggingPrefs: org.openqa.selenium.logging..., platform: ANY, version: }
Starting ChromeDriver 94.0.4606.41 (333e85df3c9b656b518b5f1add5ff246365b6c24-refs/branch-heads/4606@{#845}) on port 38782
Only local connections are allowed.
Please see https://chromedriver.chromium.org/security-considerations for suggestions on keeping ChromeDriver safe.
ChromeDriver was started successfully.
oct 19, 2021 10:44:05 AM org.openqa.selenium.remote.ProtocolHandshake createSession
INFORMACIÓN: Detected dialect: W3C
[Test worker] WARN net.thucydides.core.steps.BaseStepListener - stepFinished: current outcome:Search for a automation course:Example: {strFirstName=josefer, strLastName=Moncada, strEmail=memoncaditapp@hotmail.com, strMes=August, strDia=2, strAno=2002, strLenguaje=Spanish, strCity=Bogota D.C, strCodPostal=250240, strMovilBrand=Samsung, strMovilModel=A900, strMovilOperating=BlackBerry 4.2.2, strPassword=Colombianos87., strConfirmPassword=Colombianos87., strUserLogin=memoncaditapp@hotmail.com, strPassLogin=Colombianos87.} [Given that Manuel needs to learn how to register on Utest portal with our help, When he enter the data required by the register form
| strFirstName | strLastName | strEmail | strMes | strDia | strAno | strLenguaje | strCity | strCodPostal | strMovilBrand | strMovilModel | strMovilOperating | strPassword | strConfirmPassword |
| josefer | Moncada | memoncaditapp@hotmail.com | August | 2 | 2002 | Spanish | Bogota D.C | 250240 | Samsung | A900 | BlackBerry 4.2.2 | Colombianos87. | Colombianos87. | [Manuel open up [Manuel opens the Reto tecnico page]]]
[Test worker] WARN net.thucydides.core.steps.BaseStepListener - stepFinished: current outcome:Search for a automation course:Example: {strFirstName=josefer, strLastName=Moncada, strEmail=memoncaditapp@hotmail.com, strMes=August, strDia=2, strAno=2002, strLenguaje=Spanish, strCity=Bogota D.C, strCodPostal=250240, strMovilBrand=Samsung, strMovilModel=A900, strMovilOperating=BlackBerry 4.2.2, strPassword=Colombianos87., strConfirmPassword=Colombianos87., strUserLogin=memoncaditapp@hotmail.com, strPassLogin=Colombianos87.} [Given that Manuel needs to learn how to register on Utest portal with our help, When he enter the data required by the register form
| strFirstName | strLastName | strEmail | strMes | strDia | strAno | strLenguaje | strCity | strCodPostal | strMovilBrand | strMovilModel | strMovilOperating | strPassword | strConfirmPassword |
| josefer | Moncada | memoncaditapp@hotmail.com | August | 2 | 2002 | Spanish | Bogota D.C | 250240 | Samsung | A900 | BlackBerry 4.2.2 | Colombianos87. | Colombianos87. | [Manuel open up [Manuel opens the Reto tecnico page]]]
[Test worker] WARN net.thucydides.core.steps.BaseStepListener - stepStarted: net.thucydides.core.steps.ExecutedStepDescription@5e2da800
[Test worker] WARN net.thucydides.core.steps.BaseStepListener - stepStarted: net.thucydides.core.steps.ExecutedStepDescription@ad24c0b
[Test worker] WARN net.thucydides.core.steps.BaseStepListener - stepFinished: current outcome:Search for a automation course:Example: {strFirstName=josefer, strLastName=Moncada, strEmail=memoncaditapp@hotmail.com, strMes=August, strDia=2, strAno=2002, strLenguaje=Spanish, strCity=Bogota D.C, strCodPostal=250240, strMovilBrand=Samsung, strMovilModel=A900, strMovilOperating=BlackBerry 4.2.2, strPassword=Colombianos87., strConfirmPassword=Colombianos87., strUserLogin=memoncaditapp@hotmail.com, strPassLogin=Colombianos87.} [Given that Manuel needs to learn how to register on Utest portal with our help, When he enter the data required by the register form
| strFirstName | strLastName | strEmail | strMes | strDia | strAno | strLenguaje | strCity | strCodPostal | strMovilBrand | strMovilModel | strMovilOperating | strPassword | strConfirmPassword |
| josefer | Moncada | memoncaditapp@hotmail.com | August | 2 | 2002 | Spanish | Bogota D.C | 250240 | Samsung | A900 | BlackBerry 4.2.2 | Colombianos87. | Colombianos87. | [Manuel open up [Manuel opens the Reto tecnico page], Manuel register [Manuel clicks on button that shows us the form to login]]]
[Test worker] WARN net.thucydides.core.steps.BaseStepListener - stepStarted: net.thucydides.core.steps.ExecutedStepDescription@19b92cf3
[Test worker] WARN net.thucydides.core.steps.BaseStepListener - stepFinished: current outcome:Search for a automation course:Example: {strFirstName=josefer, strLastName=Moncada, strEmail=memoncaditapp@hotmail.com, strMes=August, strDia=2, strAno=2002, strLenguaje=Spanish, strCity=Bogota D.C, strCodPostal=250240, strMovilBrand=Samsung, strMovilModel=A900, strMovilOperating=BlackBerry 4.2.2, strPassword=Colombianos87., strConfirmPassword=Colombianos87., strUserLogin=memoncaditapp@hotmail.com, strPassLogin=Colombianos87.} [Given that Manuel needs to learn how to register on Utest portal with our help, When he enter the data required by the register form
| strFirstName | strLastName | strEmail | strMes | strDia | strAno | strLenguaje | strCity | strCodPostal | strMovilBrand | strMovilModel | strMovilOperating | strPassword | strConfirmPassword |
| josefer | Moncada | memoncaditapp@hotmail.com | August | 2 | 2002 | Spanish | Bogota D.C | 250240 | Samsung | A900 | BlackBerry 4.2.2 | Colombianos87. | Colombianos87. | [Manuel open up [Manuel opens the Reto tecnico page], Manuel register [Manuel clicks on button that shows us the form to login, Manuel enters 'josefer' into button that shows us the form to login]]]
[Test worker] WARN net.thucydides.core.steps.BaseStepListener - stepStarted: net.thucydides.core.steps.ExecutedStepDescription@108e2a1b
[Test worker] WARN net.thucydides.core.steps.BaseStepListener - stepFinished: current outcome:Search for a automation course:Example: {strFirstName=josefer, strLastName=Moncada, strEmail=memoncaditapp@hotmail.com, strMes=August, strDia=2, strAno=2002, strLenguaje=Spanish, strCity=Bogota D.C, strCodPostal=250240, strMovilBrand=Samsung, strMovilModel=A900, strMovilOperating=BlackBerry 4.2.2, strPassword=Colombianos87., strConfirmPassword=Colombianos87., strUserLogin=memoncaditapp@hotmail.com, strPassLogin=Colombianos87.} [Given that Manuel needs to learn how to register on Utest portal with our help, When he enter the data required by the register form
| strFirstName | strLastName | strEmail | strMes | strDia | strAno | strLenguaje | strCity | strCodPostal | strMovilBrand | strMovilModel | strMovilOperating | strPassword | strConfirmPassword |
| josefer | Moncada | memoncaditapp@hotmail.com | August | 2 | 2002 | Spanish | Bogota D.C | 250240 | Samsung | A900 | BlackBerry 4.2.2 | Colombianos87. | Colombianos87. | [Manuel open up [Manuel opens the Reto tecnico page], Manuel register [Manuel clicks on button that shows us the form to login, Manuel enters 'josefer' into button that shows us the form to login, Manuel enters 'Moncada' into button that shows us the form to login]]]
[Test worker] WARN net.thucydides.core.steps.BaseStepListener - stepStarted: net.thucydides.core.steps.ExecutedStepDescription@6d70b4d6
[Test worker] WARN net.thucydides.core.steps.BaseStepListener - stepFinished: current outcome:Search for a automation course:Example: {strFirstName=josefer, strLastName=Moncada, strEmail=memoncaditapp@hotmail.com, strMes=August, strDia=2, strAno=2002, strLenguaje=Spanish, strCity=Bogota D.C, strCodPostal=250240, strMovilBrand=Samsung, strMovilModel=A900, strMovilOperating=BlackBerry 4.2.2, strPassword=Colombianos87., strConfirmPassword=Colombianos87., strUserLogin=memoncaditapp@hotmail.com, strPassLogin=Colombianos87.} [Given that Manuel needs to learn how to register on Utest portal with our help, When he enter the data required by the register form
| strFirstName | strLastName | strEmail | strMes | strDia | strAno | strLenguaje | strCity | strCodPostal | strMovilBrand | strMovilModel | strMovilOperating | strPassword | strConfirmPassword |
| josefer | Moncada | memoncaditapp@hotmail.com | August | 2 | 2002 | Spanish | Bogota D.C | 250240 | Samsung | A900 | BlackBerry 4.2.2 | Colombianos87. | Colombianos87. | [Manuel open up [Manuel opens the Reto tecnico page], Manuel register [Manuel clicks on button that shows us the form to login, Manuel enters 'josefer' into button that shows us the form to login, Manuel enters 'Moncada' into button that shows us the form to login, Manuel enters 'memoncaditapp@hotmail.com' into button that shows us the form to login]]]
[Test worker] WARN net.thucydides.core.steps.BaseStepListener - stepStarted: net.thucydides.core.steps.ExecutedStepDescription@65634775
[Test worker] WARN net.thucydides.core.steps.BaseStepListener - stepFinished: current outcome:Search for a automation course:Example: {strFirstName=josefer, strLastName=Moncada, strEmail=memoncaditapp@hotmail.com, strMes=August, strDia=2, strAno=2002, strLenguaje=Spanish, strCity=Bogota D.C, strCodPostal=250240, strMovilBrand=Samsung, strMovilModel=A900, strMovilOperating=BlackBerry 4.2.2, strPassword=Colombianos87., strConfirmPassword=Colombianos87., strUserLogin=memoncaditapp@hotmail.com, strPassLogin=Colombianos87.} [Given that Manuel needs to learn how to register on Utest portal with our help, When he enter the data required by the register form
| strFirstName | strLastName | strEmail | strMes | strDia | strAno | strLenguaje | strCity | strCodPostal | strMovilBrand | strMovilModel | strMovilOperating | strPassword | strConfirmPassword |
| josefer | Moncada | memoncaditapp@hotmail.com | August | 2 | 2002 | Spanish | Bogota D.C | 250240 | Samsung | A900 | BlackBerry 4.2.2 | Colombianos87. | Colombianos87. | [Manuel open up [Manuel opens the Reto tecnico page], Manuel register [Manuel clicks on button that shows us the form to login, Manuel enters 'josefer' into button that shows us the form to login, Manuel enters 'Moncada' into button that shows us the form to login, Manuel enters 'memoncaditapp@hotmail.com' into button that shows us the form to login, Manuel select August on button that shows us the form to login]]]
[Test worker] WARN net.thucydides.core.steps.BaseStepListener - stepStarted: net.thucydides.core.steps.ExecutedStepDescription@c0155e1
[Test worker] WARN net.thucydides.core.steps.BaseStepListener - stepFinished: current outcome:Search for a automation course:Example: {strFirstName=josefer, strLastName=Moncada, strEmail=memoncaditapp@hotmail.com, strMes=August, strDia=2, strAno=2002, strLenguaje=Spanish, strCity=Bogota D.C, strCodPostal=250240, strMovilBrand=Samsung, strMovilModel=A900, strMovilOperating=BlackBerry 4.2.2, strPassword=Colombianos87., strConfirmPassword=Colombianos87., strUserLogin=memoncaditapp@hotmail.com, strPassLogin=Colombianos87.} [Given that Manuel needs to learn how to register on Utest portal with our help, When he enter the data required by the register form
| strFirstName | strLastName | strEmail | strMes | strDia | strAno | strLenguaje | strCity | strCodPostal | strMovilBrand | strMovilModel | strMovilOperating | strPassword | strConfirmPassword |
| josefer | Moncada | memoncaditapp@hotmail.com | August | 2 | 2002 | Spanish | Bogota D.C | 250240 | Samsung | A900 | BlackBerry 4.2.2 | Colombianos87. | Colombianos87. | [Manuel open up [Manuel opens the Reto tecnico page], Manuel register [Manuel clicks on button that shows us the form to login, Manuel enters 'josefer' into button that shows us the form to login, Manuel enters 'Moncada' into button that shows us the form to login, Manuel enters 'memoncaditapp@hotmail.com' into button that shows us the form to login, Manuel select August on button that shows us the form to login, Manuel select 2 on button that shows us the form to login]]]
[Test worker] WARN net.thucydides.core.steps.BaseStepListener - stepStarted: net.thucydides.core.steps.ExecutedStepDescription@2602f6b4
[Test worker] WARN net.thucydides.core.steps.BaseStepListener - stepFinished: current outcome:Search for a automation course:Example: {strFirstName=josefer, strLastName=Moncada, strEmail=memoncaditapp@hotmail.com, strMes=August, strDia=2, strAno=2002, strLenguaje=Spanish, strCity=Bogota D.C, strCodPostal=250240, strMovilBrand=Samsung, strMovilModel=A900, strMovilOperating=BlackBerry 4.2.2, strPassword=Colombianos87., strConfirmPassword=Colombianos87., strUserLogin=memoncaditapp@hotmail.com, strPassLogin=Colombianos87.} [Given that Manuel needs to learn how to register on Utest portal with our help, When he enter the data required by the register form
| strFirstName | strLastName | strEmail | strMes | strDia | strAno | strLenguaje | strCity | strCodPostal | strMovilBrand | strMovilModel | strMovilOperating | strPassword | strConfirmPassword |
| josefer | Moncada | memoncaditapp@hotmail.com | August | 2 | 2002 | Spanish | Bogota D.C | 250240 | Samsung | A900 | BlackBerry 4.2.2 | Colombianos87. | Colombianos87. | [Manuel open up [Manuel opens the Reto tecnico page], Manuel register [Manuel clicks on button that shows us the form to login, Manuel enters 'josefer' into button that shows us the form to login, Manuel enters 'Moncada' into button that shows us the form to login, Manuel enters 'memoncaditapp@hotmail.com' into button that shows us the form to login, Manuel select August on button that shows us the form to login, Manuel select 2 on button that shows us the form to login, Manuel select 2002 on button that shows us the form to login]]]
[Test worker] WARN net.thucydides.core.steps.BaseStepListener - stepStarted: net.thucydides.core.steps.ExecutedStepDescription@21903cdd
[Test worker] WARN net.thucydides.core.steps.BaseStepListener - stepFinished: current outcome:Search for a automation course:Example: {strFirstName=josefer, strLastName=Moncada, strEmail=memoncaditapp@hotmail.com, strMes=August, strDia=2, strAno=2002, strLenguaje=Spanish, strCity=Bogota D.C, strCodPostal=250240, strMovilBrand=Samsung, strMovilModel=A900, strMovilOperating=BlackBerry 4.2.2, strPassword=Colombianos87., strConfirmPassword=Colombianos87., strUserLogin=memoncaditapp@hotmail.com, strPassLogin=Colombianos87.} [Given that Manuel needs to learn how to register on Utest portal with our help, When he enter the data required by the register form
| strFirstName | strLastName | strEmail | strMes | strDia | strAno | strLenguaje | strCity | strCodPostal | strMovilBrand | strMovilModel | strMovilOperating | strPassword | strConfirmPassword |
| josefer | Moncada | memoncaditapp@hotmail.com | August | 2 | 2002 | Spanish | Bogota D.C | 250240 | Samsung | A900 | BlackBerry 4.2.2 | Colombianos87. | Colombianos87. | [Manuel open up [Manuel opens the Reto tecnico page], Manuel register [Manuel clicks on button that shows us the form to login, Manuel enters 'josefer' into button that shows us the form to login, Manuel enters 'Moncada' into button that shows us the form to login, Manuel enters 'memoncaditapp@hotmail.com' into button that shows us the form to login, Manuel select August on button that shows us the form to login, Manuel select 2 on button that shows us the form to login, Manuel select 2002 on button that shows us the form to login, Manuel enters 'Spanish' into button that shows us the form to login]]]
[Test worker] WARN net.thucydides.core.steps.BaseStepListener - stepStarted: net.thucydides.core.steps.ExecutedStepDescription@1641b452
[Test worker] WARN net.thucydides.core.steps.BaseStepListener - stepFinished: current outcome:Search for a automation course:Example: {strFirstName=josefer, strLastName=Moncada, strEmail=memoncaditapp@hotmail.com, strMes=August, strDia=2, strAno=2002, strLenguaje=Spanish, strCity=Bogota D.C, strCodPostal=250240, strMovilBrand=Samsung, strMovilModel=A900, strMovilOperating=BlackBerry 4.2.2, strPassword=Colombianos87., strConfirmPassword=Colombianos87., strUserLogin=memoncaditapp@hotmail.com, strPassLogin=Colombianos87.} [Given that Manuel needs to learn how to register on Utest portal with our help, When he enter the data required by the register form
| strFirstName | strLastName | strEmail | strMes | strDia | strAno | strLenguaje | strCity | strCodPostal | strMovilBrand | strMovilModel | strMovilOperating | strPassword | strConfirmPassword |
| josefer | Moncada | memoncaditapp@hotmail.com | August | 2 | 2002 | Spanish | Bogota D.C | 250240 | Samsung | A900 | BlackBerry 4.2.2 | Colombianos87. | Colombianos87. | [Manuel open up [Manuel opens the Reto tecnico page], Manuel register [Manuel clicks on button that shows us the form to login, Manuel enters 'josefer' into button that shows us the form to login, Manuel enters 'Moncada' into button that shows us the form to login, Manuel enters 'memoncaditapp@hotmail.com' into button that shows us the form to login, Manuel select August on button that shows us the form to login, Manuel select 2 on button that shows us the form to login, Manuel select 2002 on button that shows us the form to login, Manuel enters 'Spanish' into button that shows us the form to login, Manuel clicks on button that shows us the form to login]]]
[Test worker] WARN net.thucydides.core.steps.BaseStepListener - stepStarted: net.thucydides.core.steps.ExecutedStepDescription@2302d115
[Test worker] WARN net.thucydides.core.steps.BaseStepListener - stepFinished: current outcome:Search for a automation course:Example: {strFirstName=josefer, strLastName=Moncada, strEmail=memoncaditapp@hotmail.com, strMes=August, strDia=2, strAno=2002, strLenguaje=Spanish, strCity=Bogota D.C, strCodPostal=250240, strMovilBrand=Samsung, strMovilModel=A900, strMovilOperating=BlackBerry 4.2.2, strPassword=Colombianos87., strConfirmPassword=Colombianos87., strUserLogin=memoncaditapp@hotmail.com, strPassLogin=Colombianos87.} [Given that Manuel needs to learn how to register on Utest portal with our help, When he enter the data required by the register form
| strFirstName | strLastName | strEmail | strMes | strDia | strAno | strLenguaje | strCity | strCodPostal | strMovilBrand | strMovilModel | strMovilOperating | strPassword | strConfirmPassword |
| josefer | Moncada | memoncaditapp@hotmail.com | August | 2 | 2002 | Spanish | Bogota D.C | 250240 | Samsung | A900 | BlackBerry 4.2.2 | Colombianos87. | Colombianos87. | [Manuel open up [Manuel opens the Reto tecnico page], Manuel register [Manuel clicks on button that shows us the form to login, Manuel enters 'josefer' into button that shows us the form to login, Manuel enters 'Moncada' into button that shows us the form to login, Manuel enters 'memoncaditapp@hotmail.com' into button that shows us the form to login, Manuel select August on button that shows us the form to login, Manuel select 2 on button that shows us the form to login, Manuel select 2002 on button that shows us the form to login, Manuel enters 'Spanish' into button that shows us the form to login, Manuel clicks on button that shows us the form to login, Manuel clicks on button that shows us the form to login]]]
[Test worker] WARN net.thucydides.core.steps.BaseStepListener - stepStarted: net.thucydides.core.steps.ExecutedStepDescription@7b2eb265
[Test worker] WARN net.thucydides.core.steps.BaseStepListener - stepFinished: current outcome:Search for a automation course:Example: {strFirstName=josefer, strLastName=Moncada, strEmail=memoncaditapp@hotmail.com, strMes=August, strDia=2, strAno=2002, strLenguaje=Spanish, strCity=Bogota D.C, strCodPostal=250240, strMovilBrand=Samsung, strMovilModel=A900, strMovilOperating=BlackBerry 4.2.2, strPassword=Colombianos87., strConfirmPassword=Colombianos87., strUserLogin=memoncaditapp@hotmail.com, strPassLogin=Colombianos87.} [Given that Manuel needs to learn how to register on Utest portal with our help, When he enter the data required by the register form
| strFirstName | strLastName | strEmail | strMes | strDia | strAno | strLenguaje | strCity | strCodPostal | strMovilBrand | strMovilModel | strMovilOperating | strPassword | strConfirmPassword |
| josefer | Moncada | memoncaditapp@hotmail.com | August | 2 | 2002 | Spanish | Bogota D.C | 250240 | Samsung | A900 | BlackBerry 4.2.2 | Colombianos87. | Colombianos87. | [Manuel open up [Manuel opens the Reto tecnico page], Manuel register [Manuel clicks on button that shows us the form to login, Manuel enters 'josefer' into button that shows us the form to login, Manuel enters 'Moncada' into button that shows us the form to login, Manuel enters 'memoncaditapp@hotmail.com' into button that shows us the form to login, Manuel select August on button that shows us the form to login, Manuel select 2 on button that shows us the form to login, Manuel select 2002 on button that shows us the form to login, Manuel enters 'Spanish' into button that shows us the form to login, Manuel clicks on button that shows us the form to login, Manuel clicks on button that shows us the form to login, Manuel enters 'Bogota D.C' into button that shows us the form to login]]]
[Test worker] WARN net.thucydides.core.steps.BaseStepListener - stepStarted: net.thucydides.core.steps.ExecutedStepDescription@58421445
[Test worker] WARN net.thucydides.core.steps.BaseStepListener - stepFinished: current outcome:Search for a automation course:Example: {strFirstName=josefer, strLastName=Moncada, strEmail=memoncaditapp@hotmail.com, strMes=August, strDia=2, strAno=2002, strLenguaje=Spanish, strCity=Bogota D.C, strCodPostal=250240, strMovilBrand=Samsung, strMovilModel=A900, strMovilOperating=BlackBerry 4.2.2, strPassword=Colombianos87., strConfirmPassword=Colombianos87., strUserLogin=memoncaditapp@hotmail.com, strPassLogin=Colombianos87.} [Given that Manuel needs to learn how to register on Utest portal with our help, When he enter the data required by the register form
| strFirstName | strLastName | strEmail | strMes | strDia | strAno | strLenguaje | strCity | strCodPostal | strMovilBrand | strMovilModel | strMovilOperating | strPassword | strConfirmPassword |
| josefer | Moncada | memoncaditapp@hotmail.com | August | 2 | 2002 | Spanish | Bogota D.C | 250240 | Samsung | A900 | BlackBerry 4.2.2 | Colombianos87. | Colombianos87. | [Manuel open up [Manuel opens the Reto tecnico page], Manuel register [Manuel clicks on button that shows us the form to login, Manuel enters 'josefer' into button that shows us the form to login, Manuel enters 'Moncada' into button that shows us the form to login, Manuel enters 'memoncaditapp@hotmail.com' into button that shows us the form to login, Manuel select August on button that shows us the form to login, Manuel select 2 on button that shows us the form to login, Manuel select 2002 on button that shows us the form to login, Manuel enters 'Spanish' into button that shows us the form to login, Manuel clicks on button that shows us the form to login, Manuel clicks on button that shows us the form to login, Manuel enters 'Bogota D.C' into button that shows us the form to login, Manuel types 'ARROW_DOWN' in button that shows us the form to login]]]
[Test worker] WARN net.thucydides.core.steps.BaseStepListener - stepStarted: net.thucydides.core.steps.ExecutedStepDescription@66d08dff
[Test worker] WARN net.thucydides.core.steps.BaseStepListener - stepFinished: current outcome:Search for a automation course:Example: {strFirstName=josefer, strLastName=Moncada, strEmail=memoncaditapp@hotmail.com, strMes=August, strDia=2, strAno=2002, strLenguaje=Spanish, strCity=Bogota D.C, strCodPostal=250240, strMovilBrand=Samsung, strMovilModel=A900, strMovilOperating=BlackBerry 4.2.2, strPassword=Colombianos87., strConfirmPassword=Colombianos87., strUserLogin=memoncaditapp@hotmail.com, strPassLogin=Colombianos87.} [Given that Manuel needs to learn how to register on Utest portal with our help, When he enter the data required by the register form
| strFirstName | strLastName | strEmail | strMes | strDia | strAno | strLenguaje | strCity | strCodPostal | strMovilBrand | strMovilModel | strMovilOperating | strPassword | strConfirmPassword |
| josefer | Moncada | memoncaditapp@hotmail.com | August | 2 | 2002 | Spanish | Bogota D.C | 250240 | Samsung | A900 | BlackBerry 4.2.2 | Colombianos87. | Colombianos87. | [Manuel open up [Manuel opens the Reto tecnico page], Manuel register [Manuel clicks on button that shows us the form to login, Manuel enters 'josefer' into button that shows us the form to login, Manuel enters 'Moncada' into button that shows us the form to login, Manuel enters 'memoncaditapp@hotmail.com' into button that shows us the form to login, Manuel select August on button that shows us the form to login, Manuel select 2 on button that shows us the form to login, Manuel select 2002 on button that shows us the form to login, Manuel enters 'Spanish' into button that shows us the form to login, Manuel clicks on button that shows us the form to login, Manuel clicks on button that shows us the form to login, Manuel enters 'Bogota D.C' into button that shows us the form to login, Manuel types 'ARROW_DOWN' in button that shows us the form to login, Manuel types 'ENTER' in button that shows us the form to login]]]
[Test worker] WARN net.thucydides.core.steps.BaseStepListener - stepStarted: net.thucydides.core.steps.ExecutedStepDescription@27f726ad
[Test worker] WARN net.thucydides.core.steps.BaseStepListener - stepFinished: current outcome:Search for a automation course:Example: {strFirstName=josefer, strLastName=Moncada, strEmail=memoncaditapp@hotmail.com, strMes=August, strDia=2, strAno=2002, strLenguaje=Spanish, strCity=Bogota D.C, strCodPostal=250240, strMovilBrand=Samsung, strMovilModel=A900, strMovilOperating=BlackBerry 4.2.2, strPassword=Colombianos87., strConfirmPassword=Colombianos87., strUserLogin=memoncaditapp@hotmail.com, strPassLogin=Colombianos87.} [Given that Manuel needs to learn how to register on Utest portal with our help, When he enter the data required by the register form
| strFirstName | strLastName | strEmail | strMes | strDia | strAno | strLenguaje | strCity | strCodPostal | strMovilBrand | strMovilModel | strMovilOperating | strPassword | strConfirmPassword |
| josefer | Moncada | memoncaditapp@hotmail.com | August | 2 | 2002 | Spanish | Bogota D.C | 250240 | Samsung | A900 | BlackBerry 4.2.2 | Colombianos87. | Colombianos87. | [Manuel open up [Manuel opens the Reto tecnico page], Manuel register [Manuel clicks on button that shows us the form to login, Manuel enters 'josefer' into button that shows us the form to login, Manuel enters 'Moncada' into button that shows us the form to login, Manuel enters 'memoncaditapp@hotmail.com' into button that shows us the form to login, Manuel select August on button that shows us the form to login, Manuel select 2 on button that shows us the form to login, Manuel select 2002 on button that shows us the form to login, Manuel enters 'Spanish' into button that shows us the form to login, Manuel clicks on button that shows us the form to login, Manuel clicks on button that shows us the form to login, Manuel enters 'Bogota D.C' into button that shows us the form to login, Manuel types 'ARROW_DOWN' in button that shows us the form to login, Manuel types 'ENTER' in button that shows us the form to login, Manuel enters '250240' into button that shows us the form to login]]]
[Test worker] WARN net.thucydides.core.steps.BaseStepListener - stepStarted: net.thucydides.core.steps.ExecutedStepDescription@7002eaa
[Test worker] WARN net.thucydides.core.steps.BaseStepListener - stepFinished: current outcome:Search for a automation course:Example: {strFirstName=josefer, strLastName=Moncada, strEmail=memoncaditapp@hotmail.com, strMes=August, strDia=2, strAno=2002, strLenguaje=Spanish, strCity=Bogota D.C, strCodPostal=250240, strMovilBrand=Samsung, strMovilModel=A900, strMovilOperating=BlackBerry 4.2.2, strPassword=Colombianos87., strConfirmPassword=Colombianos87., strUserLogin=memoncaditapp@hotmail.com, strPassLogin=Colombianos87.} [Given that Manuel needs to learn how to register on Utest portal with our help, When he enter the data required by the register form
| strFirstName | strLastName | strEmail | strMes | strDia | strAno | strLenguaje | strCity | strCodPostal | strMovilBrand | strMovilModel | strMovilOperating | strPassword | strConfirmPassword |
| josefer | Moncada | memoncaditapp@hotmail.com | August | 2 | 2002 | Spanish | Bogota D.C | 250240 | Samsung | A900 | BlackBerry 4.2.2 | Colombianos87. | Colombianos87. | [Manuel open up [Manuel opens the Reto tecnico page], Manuel register [Manuel clicks on button that shows us the form to login, Manuel enters 'josefer' into button that shows us the form to login, Manuel enters 'Moncada' into button that shows us the form to login, Manuel enters 'memoncaditapp@hotmail.com' into button that shows us the form to login, Manuel select August on button that shows us the form to login, Manuel select 2 on button that shows us the form to login, Manuel select 2002 on button that shows us the form to login, Manuel enters 'Spanish' into button that shows us the form to login, Manuel clicks on button that shows us the form to login, Manuel clicks on button that shows us the form to login, Manuel enters 'Bogota D.C' into button that shows us the form to login, Manuel types 'ARROW_DOWN' in button that shows us the form to login, Manuel types 'ENTER' in button that shows us the form to login, Manuel enters '250240' into button that shows us the form to login, Manuel clicks on button that shows us the form to login]]]
[Test worker] WARN net.thucydides.core.steps.BaseStepListener - stepStarted: net.thucydides.core.steps.ExecutedStepDescription@57b42fc5
[Test worker] WARN net.thucydides.core.steps.BaseStepListener - stepFinished: current outcome:Search for a automation course:Example: {strFirstName=josefer, strLastName=Moncada, strEmail=memoncaditapp@hotmail.com, strMes=August, strDia=2, strAno=2002, strLenguaje=Spanish, strCity=Bogota D.C, strCodPostal=250240, strMovilBrand=Samsung, strMovilModel=A900, strMovilOperating=BlackBerry 4.2.2, strPassword=Colombianos87., strConfirmPassword=Colombianos87., strUserLogin=memoncaditapp@hotmail.com, strPassLogin=Colombianos87.} [Given that Manuel needs to learn how to register on Utest portal with our help, When he enter the data required by the register form
| strFirstName | strLastName | strEmail | strMes | strDia | strAno | strLenguaje | strCity | strCodPostal | strMovilBrand | strMovilModel | strMovilOperating | strPassword | strConfirmPassword |
| josefer | Moncada | memoncaditapp@hotmail.com | August | 2 | 2002 | Spanish | Bogota D.C | 250240 | Samsung | A900 | BlackBerry 4.2.2 | Colombianos87. | Colombianos87. | [Manuel open up [Manuel opens the Reto tecnico page], Manuel register [Manuel clicks on button that shows us the form to login, Manuel enters 'josefer' into button that shows us the form to login, Manuel enters 'Moncada' into button that shows us the form to login, Manuel enters 'memoncaditapp@hotmail.com' into button that shows us the form to login, Manuel select August on button that shows us the form to login, Manuel select 2 on button that shows us the form to login, Manuel select 2002 on button that shows us the form to login, Manuel enters 'Spanish' into button that shows us the form to login, Manuel clicks on button that shows us the form to login, Manuel clicks on button that shows us the form to login, Manuel enters 'Bogota D.C' into button that shows us the form to login, Manuel types 'ARROW_DOWN' in button that shows us the form to login, Manuel types 'ENTER' in button that shows us the form to login, Manuel enters '250240' into button that shows us the form to login, Manuel clicks on button that shows us the form to login, Manuel enters 'Samsung' into button that shows us the form to login]]]
[Test worker] WARN net.thucydides.core.steps.BaseStepListener - stepStarted: net.thucydides.core.steps.ExecutedStepDescription@6c759167
[Test worker] WARN net.thucydides.core.steps.BaseStepListener - stepFinished: current outcome:Search for a automation course:Example: {strFirstName=josefer, strLastName=Moncada, strEmail=memoncaditapp@hotmail.com, strMes=August, strDia=2, strAno=2002, strLenguaje=Spanish, strCity=Bogota D.C, strCodPostal=250240, strMovilBrand=Samsung, strMovilModel=A900, strMovilOperating=BlackBerry 4.2.2, strPassword=Colombianos87., strConfirmPassword=Colombianos87., strUserLogin=memoncaditapp@hotmail.com, strPassLogin=Colombianos87.} [Given that Manuel needs to learn how to register on Utest portal with our help, When he enter the data required by the register form
| strFirstName | strLastName | strEmail | strMes | strDia | strAno | strLenguaje | strCity | strCodPostal | strMovilBrand | strMovilModel | strMovilOperating | strPassword | strConfirmPassword |
| josefer | Moncada | memoncaditapp@hotmail.com | August | 2 | 2002 | Spanish | Bogota D.C | 250240 | Samsung | A900 | BlackBerry 4.2.2 | Colombianos87. | Colombianos87. | [Manuel open up [Manuel opens the Reto tecnico page], Manuel register [Manuel clicks on button that shows us the form to login, Manuel enters 'josefer' into button that shows us the form to login, Manuel enters 'Moncada' into button that shows us the form to login, Manuel enters 'memoncaditapp@hotmail.com' into button that shows us the form to login, Manuel select August on button that shows us the form to login, Manuel select 2 on button that shows us the form to login, Manuel select 2002 on button that shows us the form to login, Manuel enters 'Spanish' into button that shows us the form to login, Manuel clicks on button that shows us the form to login, Manuel clicks on button that shows us the form to login, Manuel enters 'Bogota D.C' into button that shows us the form to login, Manuel types 'ARROW_DOWN' in button that shows us the form to login, Manuel types 'ENTER' in button that shows us the form to login, Manuel enters '250240' into button that shows us the form to login, Manuel clicks on button that shows us the form to login, Manuel enters 'Samsung' into button that shows us the form to login, Manuel enters 'A900' into button that shows us the form to login]]]
[Test worker] WARN net.thucydides.core.steps.BaseStepListener - stepStarted: net.thucydides.core.steps.ExecutedStepDescription@679d6258
[Test worker] WARN net.thucydides.core.steps.BaseStepListener - stepFinished: current outcome:Search for a automation course:Example: {strFirstName=josefer, strLastName=Moncada, strEmail=memoncaditapp@hotmail.com, strMes=August, strDia=2, strAno=2002, strLenguaje=Spanish, strCity=Bogota D.C, strCodPostal=250240, strMovilBrand=Samsung, strMovilModel=A900, strMovilOperating=BlackBerry 4.2.2, strPassword=Colombianos87., strConfirmPassword=Colombianos87., strUserLogin=memoncaditapp@hotmail.com, strPassLogin=Colombianos87.} [Given that Manuel needs to learn how to register on Utest portal with our help, When he enter the data required by the register form
| strFirstName | strLastName | strEmail | strMes | strDia | strAno | strLenguaje | strCity | strCodPostal | strMovilBrand | strMovilModel | strMovilOperating | strPassword | strConfirmPassword |
| josefer | Moncada | memoncaditapp@hotmail.com | August | 2 | 2002 | Spanish | Bogota D.C | 250240 | Samsung | A900 | BlackBerry 4.2.2 | Colombianos87. | Colombianos87. | [Manuel open up [Manuel opens the Reto tecnico page], Manuel register [Manuel clicks on button that shows us the form to login, Manuel enters 'josefer' into button that shows us the form to login, Manuel enters 'Moncada' into button that shows us the form to login, Manuel enters 'memoncaditapp@hotmail.com' into button that shows us the form to login, Manuel select August on button that shows us the form to login, Manuel select 2 on button that shows us the form to login, Manuel select 2002 on button that shows us the form to login, Manuel enters 'Spanish' into button that shows us the form to login, Manuel clicks on button that shows us the form to login, Manuel clicks on button that shows us the form to login, Manuel enters 'Bogota D.C' into button that shows us the form to login, Manuel types 'ARROW_DOWN' in button that shows us the form to login, Manuel types 'ENTER' in button that shows us the form to login, Manuel enters '250240' into button that shows us the form to login, Manuel clicks on button that shows us the form to login, Manuel enters 'Samsung' into button that shows us the form to login, Manuel enters 'A900' into button that shows us the form to login, Manuel enters 'BlackBerry 4.2.2' into button that shows us the form to login]]]
[Test worker] WARN net.thucydides.core.steps.BaseStepListener - stepStarted: net.thucydides.core.steps.ExecutedStepDescription@f345a07
[Test worker] WARN net.thucydides.core.steps.BaseStepListener - stepFinished: current outcome:Search for a automation course:Example: {strFirstName=josefer, strLastName=Moncada, strEmail=memoncaditapp@hotmail.com, strMes=August, strDia=2, strAno=2002, strLenguaje=Spanish, strCity=Bogota D.C, strCodPostal=250240, strMovilBrand=Samsung, strMovilModel=A900, strMovilOperating=BlackBerry 4.2.2, strPassword=Colombianos87., strConfirmPassword=Colombianos87., strUserLogin=memoncaditapp@hotmail.com, strPassLogin=Colombianos87.} [Given that Manuel needs to learn how to register on Utest portal with our help, When he enter the data required by the register form
| strFirstName | strLastName | strEmail | strMes | strDia | strAno | strLenguaje | strCity | strCodPostal | strMovilBrand | strMovilModel | strMovilOperating | strPassword | strConfirmPassword |
| josefer | Moncada | memoncaditapp@hotmail.com | August | 2 | 2002 | Spanish | Bogota D.C | 250240 | Samsung | A900 | BlackBerry 4.2.2 | Colombianos87. | Colombianos87. | [Manuel open up [Manuel opens the Reto tecnico page], Manuel register [Manuel clicks on button that shows us the form to login, Manuel enters 'josefer' into button that shows us the form to login, Manuel enters 'Moncada' into button that shows us the form to login, Manuel enters 'memoncaditapp@hotmail.com' into button that shows us the form to login, Manuel select August on button that shows us the form to login, Manuel select 2 on button that shows us the form to login, Manuel select 2002 on button that shows us the form to login, Manuel enters 'Spanish' into button that shows us the form to login, Manuel clicks on button that shows us the form to login, Manuel clicks on button that shows us the form to login, Manuel enters 'Bogota D.C' into button that shows us the form to login, Manuel types 'ARROW_DOWN' in button that shows us the form to login, Manuel types 'ENTER' in button that shows us the form to login, Manuel enters '250240' into button that shows us the form to login, Manuel clicks on button that shows us the form to login, Manuel enters 'Samsung' into button that shows us the form to login, Manuel enters 'A900' into button that shows us the form to login, Manuel enters 'BlackBerry 4.2.2' into button that shows us the form to login, Manuel clicks on button that shows us the form to login]]]
[Test worker] WARN net.thucydides.core.steps.BaseStepListener - stepStarted: net.thucydides.core.steps.ExecutedStepDescription@11c614a3
[Test worker] WARN net.thucydides.core.steps.BaseStepListener - stepFinished: current outcome:Search for a automation course:Example: {strFirstName=josefer, strLastName=Moncada, strEmail=memoncaditapp@hotmail.com, strMes=August, strDia=2, strAno=2002, strLenguaje=Spanish, strCity=Bogota D.C, strCodPostal=250240, strMovilBrand=Samsung, strMovilModel=A900, strMovilOperating=BlackBerry 4.2.2, strPassword=Colombianos87., strConfirmPassword=Colombianos87., strUserLogin=memoncaditapp@hotmail.com, strPassLogin=Colombianos87.} [Given that Manuel needs to learn how to register on Utest portal with our help, When he enter the data required by the register form
| strFirstName | strLastName | strEmail | strMes | strDia | strAno | strLenguaje | strCity | strCodPostal | strMovilBrand | strMovilModel | strMovilOperating | strPassword | strConfirmPassword |
| josefer | Moncada | memoncaditapp@hotmail.com | August | 2 | 2002 | Spanish | Bogota D.C | 250240 | Samsung | A900 | BlackBerry 4.2.2 | Colombianos87. | Colombianos87. | [Manuel open up [Manuel opens the Reto tecnico page], Manuel register [Manuel clicks on button that shows us the form to login, Manuel enters 'josefer' into button that shows us the form to login, Manuel enters 'Moncada' into button that shows us the form to login, Manuel enters 'memoncaditapp@hotmail.com' into button that shows us the form to login, Manuel select August on button that shows us the form to login, Manuel select 2 on button that shows us the form to login, Manuel select 2002 on button that shows us the form to login, Manuel enters 'Spanish' into button that shows us the form to login, Manuel clicks on button that shows us the form to login, Manuel clicks on button that shows us the form to login, Manuel enters 'Bogota D.C' into button that shows us the form to login, Manuel types 'ARROW_DOWN' in button that shows us the form to login, Manuel types 'ENTER' in button that shows us the form to login, Manuel enters '250240' into button that shows us the form to login, Manuel clicks on button that shows us the form to login, Manuel enters 'Samsung' into button that shows us the form to login, Manuel enters 'A900' into button that shows us the form to login, Manuel enters 'BlackBerry 4.2.2' into button that shows us the form to login, Manuel clicks on button that shows us the form to login, Manuel enters 'Colombianos87.' into button that shows us the form to login]]]
[Test worker] WARN net.thucydides.core.steps.BaseStepListener - stepStarted: net.thucydides.core.steps.ExecutedStepDescription@68a03881
[Test worker] WARN net.thucydides.core.steps.BaseStepListener - stepFinished: current outcome:Search for a automation course:Example: {strFirstName=josefer, strLastName=Moncada, strEmail=memoncaditapp@hotmail.com, strMes=August, strDia=2, strAno=2002, strLenguaje=Spanish, strCity=Bogota D.C, strCodPostal=250240, strMovilBrand=Samsung, strMovilModel=A900, strMovilOperating=BlackBerry 4.2.2, strPassword=Colombianos87., strConfirmPassword=Colombianos87., strUserLogin=memoncaditapp@hotmail.com, strPassLogin=Colombianos87.} [Given that Manuel needs to learn how to register on Utest portal with our help, When he enter the data required by the register form
| strFirstName | strLastName | strEmail | strMes | strDia | strAno | strLenguaje | strCity | strCodPostal | strMovilBrand | strMovilModel | strMovilOperating | strPassword | strConfirmPassword |
| josefer | Moncada | memoncaditapp@hotmail.com | August | 2 | 2002 | Spanish | Bogota D.C | 250240 | Samsung | A900 | BlackBerry 4.2.2 | Colombianos87. | Colombianos87. | [Manuel open up [Manuel opens the Reto tecnico page], Manuel register [Manuel clicks on button that shows us the form to login, Manuel enters 'josefer' into button that shows us the form to login, Manuel enters 'Moncada' into button that shows us the form to login, Manuel enters 'memoncaditapp@hotmail.com' into button that shows us the form to login, Manuel select August on button that shows us the form to login, Manuel select 2 on button that shows us the form to login, Manuel select 2002 on button that shows us the form to login, Manuel enters 'Spanish' into button that shows us the form to login, Manuel clicks on button that shows us the form to login, Manuel clicks on button that shows us the form to login, Manuel enters 'Bogota D.C' into button that shows us the form to login, Manuel types 'ARROW_DOWN' in button that shows us the form to login, Manuel types 'ENTER' in button that shows us the form to login, Manuel enters '250240' into button that shows us the form to login, Manuel clicks on button that shows us the form to login, Manuel enters 'Samsung' into button that shows us the form to login, Manuel enters 'A900' into button that shows us the form to login, Manuel enters 'BlackBerry 4.2.2' into button that shows us the form to login, Manuel clicks on button that shows us the form to login, Manuel enters 'Colombianos87.' into button that shows us the form to login, Manuel enters 'Colombianos87.' into button that shows us the form to login]]]
[Test worker] WARN net.thucydides.core.steps.BaseStepListener - stepStarted: net.thucydides.core.steps.ExecutedStepDescription@38dfce7c
[Test worker] WARN net.thucydides.core.steps.BaseStepListener - stepFinished: current outcome:Search for a automation course:Example: {strFirstName=josefer, strLastName=Moncada, strEmail=memoncaditapp@hotmail.com, strMes=August, strDia=2, strAno=2002, strLenguaje=Spanish, strCity=Bogota D.C, strCodPostal=250240, strMovilBrand=Samsung, strMovilModel=A900, strMovilOperating=BlackBerry 4.2.2, strPassword=Colombianos87., strConfirmPassword=Colombianos87., strUserLogin=memoncaditapp@hotmail.com, strPassLogin=Colombianos87.} [Given that Manuel needs to learn how to register on Utest portal with our help, When he enter the data required by the register form
| strFirstName | strLastName | strEmail | strMes | strDia | strAno | strLenguaje | strCity | strCodPostal | strMovilBrand | strMovilModel | strMovilOperating | strPassword | strConfirmPassword |
| josefer | Moncada | memoncaditapp@hotmail.com | August | 2 | 2002 | Spanish | Bogota D.C | 250240 | Samsung | A900 | BlackBerry 4.2.2 | Colombianos87. | Colombianos87. | [Manuel open up [Manuel opens the Reto tecnico page], Manuel register [Manuel clicks on button that shows us the form to login, Manuel enters 'josefer' into button that shows us the form to login, Manuel enters 'Moncada' into button that shows us the form to login, Manuel enters 'memoncaditapp@hotmail.com' into button that shows us the form to login, Manuel select August on button that shows us the form to login, Manuel select 2 on button that shows us the form to login, Manuel select 2002 on button that shows us the form to login, Manuel enters 'Spanish' into button that shows us the form to login, Manuel clicks on button that shows us the form to login, Manuel clicks on button that shows us the form to login, Manuel enters 'Bogota D.C' into button that shows us the form to login, Manuel types 'ARROW_DOWN' in button that shows us the form to login, Manuel types 'ENTER' in button that shows us the form to login, Manuel enters '250240' into button that shows us the form to login, Manuel clicks on button that shows us the form to login, Manuel enters 'Samsung' into button that shows us the form to login, Manuel enters 'A900' into button that shows us the form to login, Manuel enters 'BlackBerry 4.2.2' into button that shows us the form to login, Manuel clicks on button that shows us the form to login, Manuel enters 'Colombianos87.' into button that shows us the form to login, Manuel enters 'Colombianos87.' into button that shows us the form to login, Manuel clicks on button that shows us the form to login]]]
[Test worker] WARN net.thucydides.core.steps.BaseStepListener - stepStarted: net.thucydides.core.steps.ExecutedStepDescription@72a7c464
[Test worker] WARN net.thucydides.core.steps.BaseStepListener - stepFinished: current outcome:Search for a automation course:Example: {strFirstName=josefer, strLastName=Moncada, strEmail=memoncaditapp@hotmail.com, strMes=August, strDia=2, strAno=2002, strLenguaje=Spanish, strCity=Bogota D.C, strCodPostal=250240, strMovilBrand=Samsung, strMovilModel=A900, strMovilOperating=BlackBerry 4.2.2, strPassword=Colombianos87., strConfirmPassword=Colombianos87., strUserLogin=memoncaditapp@hotmail.com, strPassLogin=Colombianos87.} [Given that Manuel needs to learn how to register on Utest portal with our help, When he enter the data required by the register form
| strFirstName | strLastName | strEmail | strMes | strDia | strAno | strLenguaje | strCity | strCodPostal | strMovilBrand | strMovilModel | strMovilOperating | strPassword | strConfirmPassword |
| josefer | Moncada | memoncaditapp@hotmail.com | August | 2 | 2002 | Spanish | Bogota D.C | 250240 | Samsung | A900 | BlackBerry 4.2.2 | Colombianos87. | Colombianos87. | [Manuel open up [Manuel opens the Reto tecnico page], Manuel register [Manuel clicks on button that shows us the form to login, Manuel enters 'josefer' into button that shows us the form to login, Manuel enters 'Moncada' into button that shows us the form to login, Manuel enters 'memoncaditapp@hotmail.com' into button that shows us the form to login, Manuel select August on button that shows us the form to login, Manuel select 2 on button that shows us the form to login, Manuel select 2002 on button that shows us the form to login, Manuel enters 'Spanish' into button that shows us the form to login, Manuel clicks on button that shows us the form to login, Manuel clicks on button that shows us the form to login, Manuel enters 'Bogota D.C' into button that shows us the form to login, Manuel types 'ARROW_DOWN' in button that shows us the form to login, Manuel types 'ENTER' in button that shows us the form to login, Manuel enters '250240' into button that shows us the form to login, Manuel clicks on button that shows us the form to login, Manuel enters 'Samsung' into button that shows us the form to login, Manuel enters 'A900' into button that shows us the form to login, Manuel enters 'BlackBerry 4.2.2' into button that shows us the form to login, Manuel clicks on button that shows us the form to login, Manuel enters 'Colombianos87.' into button that shows us the form to login, Manuel enters 'Colombianos87.' into button that shows us the form to login, Manuel clicks on button that shows us the form to login, Manuel clicks on button that shows us the form to login]]]
[Test worker] WARN net.thucydides.core.steps.BaseStepListener - stepStarted: net.thucydides.core.steps.ExecutedStepDescription@1d2e4585
[Test worker] WARN net.thucydides.core.steps.BaseStepListener - stepFinished: current outcome:Search for a automation course:Example: {strFirstName=josefer, strLastName=Moncada, strEmail=memoncaditapp@hotmail.com, strMes=August, strDia=2, strAno=2002, strLenguaje=Spanish, strCity=Bogota D.C, strCodPostal=250240, strMovilBrand=Samsung, strMovilModel=A900, strMovilOperating=BlackBerry 4.2.2, strPassword=Colombianos87., strConfirmPassword=Colombianos87., strUserLogin=memoncaditapp@hotmail.com, strPassLogin=Colombianos87.} [Given that Manuel needs to learn how to register on Utest portal with our help, When he enter the data required by the register form
| strFirstName | strLastName | strEmail | strMes | strDia | strAno | strLenguaje | strCity | strCodPostal | strMovilBrand | strMovilModel | strMovilOperating | strPassword | strConfirmPassword |
| josefer | Moncada | memoncaditapp@hotmail.com | August | 2 | 2002 | Spanish | Bogota D.C | 250240 | Samsung | A900 | BlackBerry 4.2.2 | Colombianos87. | Colombianos87. | [Manuel open up [Manuel opens the Reto tecnico page], Manuel register [Manuel clicks on button that shows us the form to login, Manuel enters 'josefer' into button that shows us the form to login, Manuel enters 'Moncada' into button that shows us the form to login, Manuel enters 'memoncaditapp@hotmail.com' into button that shows us the form to login, Manuel select August on button that shows us the form to login, Manuel select 2 on button that shows us the form to login, Manuel select 2002 on button that shows us the form to login, Manuel enters 'Spanish' into button that shows us the form to login, Manuel clicks on button that shows us the form to login, Manuel clicks on button that shows us the form to login, Manuel enters 'Bogota D.C' into button that shows us the form to login, Manuel types 'ARROW_DOWN' in button that shows us the form to login, Manuel types 'ENTER' in button that shows us the form to login, Manuel enters '250240' into button that shows us the form to login, Manuel clicks on button that shows us the form to login, Manuel enters 'Samsung' into button that shows us the form to login, Manuel enters 'A900' into button that shows us the form to login, Manuel enters 'BlackBerry 4.2.2' into button that shows us the form to login, Manuel clicks on button that shows us the form to login, Manuel enters 'Colombianos87.' into button that shows us the form to login, Manuel enters 'Colombianos87.' into button that shows us the form to login, Manuel clicks on button that shows us the form to login, Manuel clicks on button that shows us the form to login, Manuel clicks on button that shows us the form to login]]]
[Test worker] WARN net.thucydides.core.steps.BaseStepListener - stepFinished: current outcome:Search for a automation course:Example: {strFirstName=josefer, strLastName=Moncada, strEmail=memoncaditapp@hotmail.com, strMes=August, strDia=2, strAno=2002, strLenguaje=Spanish, strCity=Bogota D.C, strCodPostal=250240, strMovilBrand=Samsung, strMovilModel=A900, strMovilOperating=BlackBerry 4.2.2, strPassword=Colombianos87., strConfirmPassword=Colombianos87., strUserLogin=memoncaditapp@hotmail.com, strPassLogin=Colombianos87.} [Given that Manuel needs to learn how to register on Utest portal with our help, When he enter the data required by the register form
| strFirstName | strLastName | strEmail | strMes | strDia | strAno | strLenguaje | strCity | strCodPostal | strMovilBrand | strMovilModel | strMovilOperating | strPassword | strConfirmPassword |
| josefer | Moncada | memoncaditapp@hotmail.com | August | 2 | 2002 | Spanish | Bogota D.C | 250240 | Samsung | A900 | BlackBerry 4.2.2 | Colombianos87. | Colombianos87. | [Manuel open up [Manuel opens the Reto tecnico page], Manuel register [Manuel clicks on button that shows us the form to login, Manuel enters 'josefer' into button that shows us the form to login, Manuel enters 'Moncada' into button that shows us the form to login, Manuel enters 'memoncaditapp@hotmail.com' into button that shows us the form to login, Manuel select August on button that shows us the form to login, Manuel select 2 on button that shows us the form to login, Manuel select 2002 on button that shows us the form to login, Manuel enters 'Spanish' into button that shows us the form to login, Manuel clicks on button that shows us the form to login, Manuel clicks on button that shows us the form to login, Manuel enters 'Bogota D.C' into button that shows us the form to login, Manuel types 'ARROW_DOWN' in button that shows us the form to login, Manuel types 'ENTER' in button that shows us the form to login, Manuel enters '250240' into button that shows us the form to login, Manuel clicks on button that shows us the form to login, Manuel enters 'Samsung' into button that shows us the form to login, Manuel enters 'A900' into button that shows us the form to login, Manuel enters 'BlackBerry 4.2.2' into button that shows us the form to login, Manuel clicks on button that shows us the form to login, Manuel enters 'Colombianos87.' into button that shows us the form to login, Manuel enters 'Colombianos87.' into button that shows us the form to login, Manuel clicks on button that shows us the form to login, Manuel clicks on button that shows us the form to login, Manuel clicks on button that shows us the form to login]]]
[Test worker] WARN net.thucydides.core.steps.BaseStepListener - stepFinished: current outcome:Search for a automation course:Example: {strFirstName=josefer, strLastName=Moncada, strEmail=memoncaditapp@hotmail.com, strMes=August, strDia=2, strAno=2002, strLenguaje=Spanish, strCity=Bogota D.C, strCodPostal=250240, strMovilBrand=Samsung, strMovilModel=A900, strMovilOperating=BlackBerry 4.2.2, strPassword=Colombianos87., strConfirmPassword=Colombianos87., strUserLogin=memoncaditapp@hotmail.com, strPassLogin=Colombianos87.} [Given that Manuel needs to learn how to register on Utest portal with our help, When he enter the data required by the register form
| strFirstName | strLastName | strEmail | strMes | strDia | strAno | strLenguaje | strCity | strCodPostal | strMovilBrand | strMovilModel | strMovilOperating | strPassword | strConfirmPassword |
| josefer | Moncada | memoncaditapp@hotmail.com | August | 2 | 2002 | Spanish | Bogota D.C | 250240 | Samsung | A900 | BlackBerry 4.2.2 | Colombianos87. | Colombianos87. | [Manuel open up [Manuel opens the Reto tecnico page], Manuel register [Manuel clicks on button that shows us the form to login, Manuel enters 'josefer' into button that shows us the form to login, Manuel enters 'Moncada' into button that shows us the form to login, Manuel enters 'memoncaditapp@hotmail.com' into button that shows us the form to login, Manuel select August on button that shows us the form to login, Manuel select 2 on button that shows us the form to login, Manuel select 2002 on button that shows us the form to login, Manuel enters 'Spanish' into button that shows us the form to login, Manuel clicks on button that shows us the form to login, Manuel clicks on button that shows us the form to login, Manuel enters 'Bogota D.C' into button that shows us the form to login, Manuel types 'ARROW_DOWN' in button that shows us the form to login, Manuel types 'ENTER' in button that shows us the form to login, Manuel enters '250240' into button that shows us the form to login, Manuel clicks on button that shows us the form to login, Manuel enters 'Samsung' into button that shows us the form to login, Manuel enters 'A900' into button that shows us the form to login, Manuel enters 'BlackBerry 4.2.2' into button that shows us the form to login, Manuel clicks on button that shows us the form to login, Manuel enters 'Colombianos87.' into button that shows us the form to login, Manuel enters 'Colombianos87.' into button that shows us the form to login, Manuel clicks on button that shows us the form to login, Manuel clicks on button that shows us the form to login, Manuel clicks on button that shows us the form to login]]]
[Test worker] WARN net.thucydides.core.steps.BaseStepListener - stepStarted: net.thucydides.core.steps.ExecutedStepDescription@42bf745b
[Test worker] WARN net.thucydides.core.steps.BaseStepListener - stepStarted: net.thucydides.core.steps.ExecutedStepDescription@258a848b
[Test worker] WARN net.thucydides.core.steps.BaseStepListener - stepStarted: net.thucydides.core.steps.ExecutedStepDescription@50e12002
[Test worker] WARN net.thucydides.core.steps.BaseStepListener - stepFinished: current outcome:Search for a automation course:Example: {strFirstName=josefer, strLastName=Moncada, strEmail=memoncaditapp@hotmail.com, strMes=August, strDia=2, strAno=2002, strLenguaje=Spanish, strCity=Bogota D.C, strCodPostal=250240, strMovilBrand=Samsung, strMovilModel=A900, strMovilOperating=BlackBerry 4.2.2, strPassword=Colombianos87., strConfirmPassword=Colombianos87., strUserLogin=memoncaditapp@hotmail.com, strPassLogin=Colombianos87.} [Given that Manuel needs to learn how to register on Utest portal with our help, When he enter the data required by the register form
| strFirstName | strLastName | strEmail | strMes | strDia | strAno | strLenguaje | strCity | strCodPostal | strMovilBrand | strMovilModel | strMovilOperating | strPassword | strConfirmPassword |
| josefer | Moncada | memoncaditapp@hotmail.com | August | 2 | 2002 | Spanish | Bogota D.C | 250240 | Samsung | A900 | BlackBerry 4.2.2 | Colombianos87. | Colombianos87. | [Manuel open up [Manuel opens the Reto tecnico page], Manuel register [Manuel clicks on button that shows us the form to login, Manuel enters 'josefer' into button that shows us the form to login, Manuel enters 'Moncada' into button that shows us the form to login, Manuel enters 'memoncaditapp@hotmail.com' into button that shows us the form to login, Manuel select August on button that shows us the form to login, Manuel select 2 on button that shows us the form to login, Manuel select 2002 on button that shows us the form to login, Manuel enters 'Spanish' into button that shows us the form to login, Manuel clicks on button that shows us the form to login, Manuel clicks on button that shows us the form to login, Manuel enters 'Bogota D.C' into button that shows us the form to login, Manuel types 'ARROW_DOWN' in button that shows us the form to login, Manuel types 'ENTER' in button that shows us the form to login, Manuel enters '250240' into button that shows us the form to login, Manuel clicks on button that shows us the form to login, Manuel enters 'Samsung' into button that shows us the form to login, Manuel enters 'A900' into button that shows us the form to login, Manuel enters 'BlackBerry 4.2.2' into button that shows us the form to login, Manuel clicks on button that shows us the form to login, Manuel enters 'Colombianos87.' into button that shows us the form to login, Manuel enters 'Colombianos87.' into button that shows us the form to login, Manuel clicks on button that shows us the form to login, Manuel clicks on button that shows us the form to login, Manuel clicks on button that shows us the form to login]], Then he will be registered as a client and will be able to enter the portal
| strUserLogin | strPassLogin | strEmail |
| memoncaditapp@hotmail.com | Colombianos87. | memoncaditapp@hotmail.com | [Manuel open up [Manuel opens the Reto tecnico page]]]
[Test worker] WARN net.thucydides.core.steps.BaseStepListener - stepFinished: current outcome:Search for a automation course:Example: {strFirstName=josefer, strLastName=Moncada, strEmail=memoncaditapp@hotmail.com, strMes=August, strDia=2, strAno=2002, strLenguaje=Spanish, strCity=Bogota D.C, strCodPostal=250240, strMovilBrand=Samsung, strMovilModel=A900, strMovilOperating=BlackBerry 4.2.2, strPassword=Colombianos87., strConfirmPassword=Colombianos87., strUserLogin=memoncaditapp@hotmail.com, strPassLogin=Colombianos87.} [Given that Manuel needs to learn how to register on Utest portal with our help, When he enter the data required by the register form
| strFirstName | strLastName | strEmail | strMes | strDia | strAno | strLenguaje | strCity | strCodPostal | strMovilBrand | strMovilModel | strMovilOperating | strPassword | strConfirmPassword |
| josefer | Moncada | memoncaditapp@hotmail.com | August | 2 | 2002 | Spanish | Bogota D.C | 250240 | Samsung | A900 | BlackBerry 4.2.2 | Colombianos87. | Colombianos87. | [Manuel open up [Manuel opens the Reto tecnico page], Manuel register [Manuel clicks on button that shows us the form to login, Manuel enters 'josefer' into button that shows us the form to login, Manuel enters 'Moncada' into button that shows us the form to login, Manuel enters 'memoncaditapp@hotmail.com' into button that shows us the form to login, Manuel select August on button that shows us the form to login, Manuel select 2 on button that shows us the form to login, Manuel select 2002 on button that shows us the form to login, Manuel enters 'Spanish' into button that shows us the form to login, Manuel clicks on button that shows us the form to login, Manuel clicks on button that shows us the form to login, Manuel enters 'Bogota D.C' into button that shows us the form to login, Manuel types 'ARROW_DOWN' in button that shows us the form to login, Manuel types 'ENTER' in button that shows us the form to login, Manuel enters '250240' into button that shows us the form to login, Manuel clicks on button that shows us the form to login, Manuel enters 'Samsung' into button that shows us the form to login, Manuel enters 'A900' into button that shows us the form to login, Manuel enters 'BlackBerry 4.2.2' into button that shows us the form to login, Manuel clicks on button that shows us the form to login, Manuel enters 'Colombianos87.' into button that shows us the form to login, Manuel enters 'Colombianos87.' into button that shows us the form to login, Manuel clicks on button that shows us the form to login, Manuel clicks on button that shows us the form to login, Manuel clicks on button that shows us the form to login]], Then he will be registered as a client and will be able to enter the portal
| strUserLogin | strPassLogin | strEmail |
| memoncaditapp@hotmail.com | Colombianos87. | memoncaditapp@hotmail.com | [Manuel open up [Manuel opens the Reto tecnico page]]]
[Test worker] WARN net.thucydides.core.steps.BaseStepListener - stepStarted: net.thucydides.core.steps.ExecutedStepDescription@1011696f
[Test worker] WARN net.thucydides.core.steps.BaseStepListener - stepStarted: net.thucydides.core.steps.ExecutedStepDescription@4e89f231
[Test worker] WARN net.thucydides.core.steps.BaseStepListener - stepFinished: current outcome:Search for a automation course:Example: {strFirstName=josefer, strLastName=Moncada, strEmail=memoncaditapp@hotmail.com, strMes=August, strDia=2, strAno=2002, strLenguaje=Spanish, strCity=Bogota D.C, strCodPostal=250240, strMovilBrand=Samsung, strMovilModel=A900, strMovilOperating=BlackBerry 4.2.2, strPassword=Colombianos87., strConfirmPassword=Colombianos87., strUserLogin=memoncaditapp@hotmail.com, strPassLogin=Colombianos87.} [Given that Manuel needs to learn how to register on Utest portal with our help, When he enter the data required by the register form
| strFirstName | strLastName | strEmail | strMes | strDia | strAno | strLenguaje | strCity | strCodPostal | strMovilBrand | strMovilModel | strMovilOperating | strPassword | strConfirmPassword |
| josefer | Moncada | memoncaditapp@hotmail.com | August | 2 | 2002 | Spanish | Bogota D.C | 250240 | Samsung | A900 | BlackBerry 4.2.2 | Colombianos87. | Colombianos87. | [Manuel open up [Manuel opens the Reto tecnico page], Manuel register [Manuel clicks on button that shows us the form to login, Manuel enters 'josefer' into button that shows us the form to login, Manuel enters 'Moncada' into button that shows us the form to login, Manuel enters 'memoncaditapp@hotmail.com' into button that shows us the form to login, Manuel select August on button that shows us the form to login, Manuel select 2 on button that shows us the form to login, Manuel select 2002 on button that shows us the form to login, Manuel enters 'Spanish' into button that shows us the form to login, Manuel clicks on button that shows us the form to login, Manuel clicks on button that shows us the form to login, Manuel enters 'Bogota D.C' into button that shows us the form to login, Manuel types 'ARROW_DOWN' in button that shows us the form to login, Manuel types 'ENTER' in button that shows us the form to login, Manuel enters '250240' into button that shows us the form to login, Manuel clicks on button that shows us the form to login, Manuel enters 'Samsung' into button that shows us the form to login, Manuel enters 'A900' into button that shows us the form to login, Manuel enters 'BlackBerry 4.2.2' into button that shows us the form to login, Manuel clicks on button that shows us the form to login, Manuel enters 'Colombianos87.' into button that shows us the form to login, Manuel enters 'Colombianos87.' into button that shows us the form to login, Manuel clicks on button that shows us the form to login, Manuel clicks on button that shows us the form to login, Manuel clicks on button that shows us the form to login]], Then he will be registered as a client and will be able to enter the portal
| strUserLogin | strPassLogin | strEmail |
| memoncaditapp@hotmail.com | Colombianos87. | memoncaditapp@hotmail.com | [Manuel open up [Manuel opens the Reto tecnico page], Manuel login [Manuel clicks on button that shows us the form to login]]]
[Test worker] WARN net.thucydides.core.steps.BaseStepListener - stepStarted: net.thucydides.core.steps.ExecutedStepDescription@5822a759
[Test worker] WARN net.thucydides.core.steps.BaseStepListener - stepFinished: current outcome:Search for a automation course:Example: {strFirstName=josefer, strLastName=Moncada, strEmail=memoncaditapp@hotmail.com, strMes=August, strDia=2, strAno=2002, strLenguaje=Spanish, strCity=Bogota D.C, strCodPostal=250240, strMovilBrand=Samsung, strMovilModel=A900, strMovilOperating=BlackBerry 4.2.2, strPassword=Colombianos87., strConfirmPassword=Colombianos87., strUserLogin=memoncaditapp@hotmail.com, strPassLogin=Colombianos87.} [Given that Manuel needs to learn how to register on Utest portal with our help, When he enter the data required by the register form
| strFirstName | strLastName | strEmail | strMes | strDia | strAno | strLenguaje | strCity | strCodPostal | strMovilBrand | strMovilModel | strMovilOperating | strPassword | strConfirmPassword |
| josefer | Moncada | memoncaditapp@hotmail.com | August | 2 | 2002 | Spanish | Bogota D.C | 250240 | Samsung | A900 | BlackBerry 4.2.2 | Colombianos87. | Colombianos87. | [Manuel open up [Manuel opens the Reto tecnico page], Manuel register [Manuel clicks on button that shows us the form to login, Manuel enters 'josefer' into button that shows us the form to login, Manuel enters 'Moncada' into button that shows us the form to login, Manuel enters 'memoncaditapp@hotmail.com' into button that shows us the form to login, Manuel select August on button that shows us the form to login, Manuel select 2 on button that shows us the form to login, Manuel select 2002 on button that shows us the form to login, Manuel enters 'Spanish' into button that shows us the form to login, Manuel clicks on button that shows us the form to login, Manuel clicks on button that shows us the form to login, Manuel enters 'Bogota D.C' into button that shows us the form to login, Manuel types 'ARROW_DOWN' in button that shows us the form to login, Manuel types 'ENTER' in button that shows us the form to login, Manuel enters '250240' into button that shows us the form to login, Manuel clicks on button that shows us the form to login, Manuel enters 'Samsung' into button that shows us the form to login, Manuel enters 'A900' into button that shows us the form to login, Manuel enters 'BlackBerry 4.2.2' into button that shows us the form to login, Manuel clicks on button that shows us the form to login, Manuel enters 'Colombianos87.' into button that shows us the form to login, Manuel enters 'Colombianos87.' into button that shows us the form to login, Manuel clicks on button that shows us the form to login, Manuel clicks on button that shows us the form to login, Manuel clicks on button that shows us the form to login]], Then he will be registered as a client and will be able to enter the portal
| strUserLogin | strPassLogin | strEmail |
| memoncaditapp@hotmail.com | Colombianos87. | memoncaditapp@hotmail.com | [Manuel open up [Manuel opens the Reto tecnico page], Manuel login [Manuel clicks on button that shows us the form to login, Manuel enters 'memoncaditapp@hotmail.com' into button that shows us the form to login]]]
[Test worker] WARN net.thucydides.core.steps.BaseStepListener - stepStarted: net.thucydides.core.steps.ExecutedStepDescription@4d99a770
[Test worker] WARN net.thucydides.core.steps.BaseStepListener - stepFinished: current outcome:Search for a automation course:Example: {strFirstName=josefer, strLastName=Moncada, strEmail=memoncaditapp@hotmail.com, strMes=August, strDia=2, strAno=2002, strLenguaje=Spanish, strCity=Bogota D.C, strCodPostal=250240, strMovilBrand=Samsung, strMovilModel=A900, strMovilOperating=BlackBerry 4.2.2, strPassword=Colombianos87., strConfirmPassword=Colombianos87., strUserLogin=memoncaditapp@hotmail.com, strPassLogin=Colombianos87.} [Given that Manuel needs to learn how to register on Utest portal with our help, When he enter the data required by the register form
| strFirstName | strLastName | strEmail | strMes | strDia | strAno | strLenguaje | strCity | strCodPostal | strMovilBrand | strMovilModel | strMovilOperating | strPassword | strConfirmPassword |
| josefer | Moncada | memoncaditapp@hotmail.com | August | 2 | 2002 | Spanish | Bogota D.C | 250240 | Samsung | A900 | BlackBerry 4.2.2 | Colombianos87. | Colombianos87. | [Manuel open up [Manuel opens the Reto tecnico page], Manuel register [Manuel clicks on button that shows us the form to login, Manuel enters 'josefer' into button that shows us the form to login, Manuel enters 'Moncada' into button that shows us the form to login, Manuel enters 'memoncaditapp@hotmail.com' into button that shows us the form to login, Manuel select August on button that shows us the form to login, Manuel select 2 on button that shows us the form to login, Manuel select 2002 on button that shows us the form to login, Manuel enters 'Spanish' into button that shows us the form to login, Manuel clicks on button that shows us the form to login, Manuel clicks on button that shows us the form to login, Manuel enters 'Bogota D.C' into button that shows us the form to login, Manuel types 'ARROW_DOWN' in button that shows us the form to login, Manuel types 'ENTER' in button that shows us the form to login, Manuel enters '250240' into button that shows us the form to login, Manuel clicks on button that shows us the form to login, Manuel enters 'Samsung' into button that shows us the form to login, Manuel enters 'A900' into button that shows us the form to login, Manuel enters 'BlackBerry 4.2.2' into button that shows us the form to login, Manuel clicks on button that shows us the form to login, Manuel enters 'Colombianos87.' into button that shows us the form to login, Manuel enters 'Colombianos87.' into button that shows us the form to login, Manuel clicks on button that shows us the form to login, Manuel clicks on button that shows us the form to login, Manuel clicks on button that shows us the form to login]], Then he will be registered as a client and will be able to enter the portal
| strUserLogin | strPassLogin | strEmail |
| memoncaditapp@hotmail.com | Colombianos87. | memoncaditapp@hotmail.com | [Manuel open up [Manuel opens the Reto tecnico page], Manuel login [Manuel clicks on button that shows us the form to login, Manuel enters 'memoncaditapp@hotmail.com' into button that shows us the form to login, Manuel enters 'Colombianos87.' into button that shows us the form to login]]]
[Test worker] WARN net.thucydides.core.steps.BaseStepListener - stepStarted: net.thucydides.core.steps.ExecutedStepDescription@200c411b
[Test worker] WARN net.thucydides.core.steps.BaseStepListener - stepFinished: current outcome:Search for a automation course:Example: {strFirstName=josefer, strLastName=Moncada, strEmail=memoncaditapp@hotmail.com, strMes=August, strDia=2, strAno=2002, strLenguaje=Spanish, strCity=Bogota D.C, strCodPostal=250240, strMovilBrand=Samsung, strMovilModel=A900, strMovilOperating=BlackBerry 4.2.2, strPassword=Colombianos87., strConfirmPassword=Colombianos87., strUserLogin=memoncaditapp@hotmail.com, strPassLogin=Colombianos87.} [Given that Manuel needs to learn how to register on Utest portal with our help, When he enter the data required by the register form
| strFirstName | strLastName | strEmail | strMes | strDia | strAno | strLenguaje | strCity | strCodPostal | strMovilBrand | strMovilModel | strMovilOperating | strPassword | strConfirmPassword |
| josefer | Moncada | memoncaditapp@hotmail.com | August | 2 | 2002 | Spanish | Bogota D.C | 250240 | Samsung | A900 | BlackBerry 4.2.2 | Colombianos87. | Colombianos87. | [Manuel open up [Manuel opens the Reto tecnico page], Manuel register [Manuel clicks on button that shows us the form to login, Manuel enters 'josefer' into button that shows us the form to login, Manuel enters 'Moncada' into button that shows us the form to login, Manuel enters 'memoncaditapp@hotmail.com' into button that shows us the form to login, Manuel select August on button that shows us the form to login, Manuel select 2 on button that shows us the form to login, Manuel select 2002 on button that shows us the form to login, Manuel enters 'Spanish' into button that shows us the form to login, Manuel clicks on button that shows us the form to login, Manuel clicks on button that shows us the form to login, Manuel enters 'Bogota D.C' into button that shows us the form to login, Manuel types 'ARROW_DOWN' in button that shows us the form to login, Manuel types 'ENTER' in button that shows us the form to login, Manuel enters '250240' into button that shows us the form to login, Manuel clicks on button that shows us the form to login, Manuel enters 'Samsung' into button that shows us the form to login, Manuel enters 'A900' into button that shows us the form to login, Manuel enters 'BlackBerry 4.2.2' into button that shows us the form to login, Manuel clicks on button that shows us the form to login, Manuel enters 'Colombianos87.' into button that shows us the form to login, Manuel enters 'Colombianos87.' into button that shows us the form to login, Manuel clicks on button that shows us the form to login, Manuel clicks on button that shows us the form to login, Manuel clicks on button that shows us the form to login]], Then he will be registered as a client and will be able to enter the portal
| strUserLogin | strPassLogin | strEmail |
| memoncaditapp@hotmail.com | Colombianos87. | memoncaditapp@hotmail.com | [Manuel open up [Manuel opens the Reto tecnico page], Manuel login [Manuel clicks on button that shows us the form to login, Manuel enters 'memoncaditapp@hotmail.com' into button that shows us the form to login, Manuel enters 'Colombianos87.' into button that shows us the form to login, Manuel clicks on button that shows us the form to login]]]
[Test worker] WARN net.thucydides.core.steps.BaseStepListener - stepFinished: current outcome:Search for a automation course:Example: {strFirstName=josefer, strLastName=Moncada, strEmail=memoncaditapp@hotmail.com, strMes=August, strDia=2, strAno=2002, strLenguaje=Spanish, strCity=Bogota D.C, strCodPostal=250240, strMovilBrand=Samsung, strMovilModel=A900, strMovilOperating=BlackBerry 4.2.2, strPassword=Colombianos87., strConfirmPassword=Colombianos87., strUserLogin=memoncaditapp@hotmail.com, strPassLogin=Colombianos87.} [Given that Manuel needs to learn how to register on Utest portal with our help, When he enter the data required by the register form
| strFirstName | strLastName | strEmail | strMes | strDia | strAno | strLenguaje | strCity | strCodPostal | strMovilBrand | strMovilModel | strMovilOperating | strPassword | strConfirmPassword |
[...]
[Test worker] WARN net.thucydides.core.steps.BaseStepListener - stepFinished: current outcome:Search for a automation course:Example: {strFirstName=josefer, strLastName=Moncada, strEmail=memoncaditapp@hotmail.com, strMes=August, strDia=2, strAno=2002, strLenguaje=Spanish, strCity=Bogota D.C, strCodPostal=250240, strMovilBrand=Samsung, strMovilModel=A900, strMovilOperating=BlackBerry 4.2.2, strPassword=Colombianos87., strConfirmPassword=Colombianos87., strUserLogin=memoncaditapp@hotmail.com, strPassLogin=Colombianos87.} [Given that Manuel needs to learn how to register on Utest portal with our help, When he enter the data required by the register form
| strFirstName | strLastName | strEmail | strMes | strDia | strAno | strLenguaje | strCity | strCodPostal | strMovilBrand | strMovilModel | strMovilOperating | strPassword | strConfirmPassword |
| josefer | Moncada | memoncaditapp@hotmail.com | August | 2 | 2002 | Spanish | Bogota D.C | 250240 | Samsung | A900 | BlackBerry 4.2.2 | Colombianos87. | Colombianos87. | [Manuel open up [Manuel opens the Reto tecnico page], Manuel register [Manuel clicks on button that shows us the form to login, Manuel enters 'josefer' into button that shows us the form to login, Manuel enters 'Moncada' into button that shows us the form to login, Manuel enters 'memoncaditapp@hotmail.com' into button that shows us the form to login, Manuel select August on button that shows us the form to login, Manuel select 2 on button that shows us the form to login, Manuel select 2002 on button that shows us the form to login, Manuel enters 'Spanish' into button that shows us the form to login, Manuel clicks on button that shows us the form to login, Manuel clicks on button that shows us the form to login, Manuel enters 'Bogota D.C' into button that shows us the form to login, Manuel types 'ARROW_DOWN' in button that shows us the form to login, Manuel types 'ENTER' in button that shows us the form to login, Manuel enters '250240' into button that shows us the form to login, Manuel clicks on button that shows us the form to login, Manuel enters 'Samsung' into button that shows us the form to login, Manuel enters 'A900' into button that shows us the form to login, Manuel enters 'BlackBerry 4.2.2' into button that shows us the form to login, Manuel clicks on button that shows us the form to login, Manuel enters 'Colombianos87.' into button that shows us the form to login, Manuel enters 'Colombianos87.' into button that shows us the form to login, Manuel clicks on button that shows us the form to login, Manuel clicks on button that shows us the form to login, Manuel clicks on button that shows us the form to login]], Then he will be registered as a client and will be able to enter the portal
| strUserLogin | strPassLogin | strEmail |
| memoncaditapp@hotmail.com | Colombianos87. | memoncaditapp@hotmail.com | [Manuel open up [Manuel opens the Reto tecnico page], Manuel login [Manuel clicks on button that shows us the form to login, Manuel enters 'memoncaditapp@hotmail.com' into button that shows us the form to login, Manuel enters 'Colombianos87.' into button that shows us the form to login, Manuel clicks on button that shows us the form to login], Then answer]]
[Test worker] WARN net.thucydides.core.steps.BaseStepListener - stepFinished: current outcome:Search for a automation course:Example: {strFirstName=josefer, strLastName=Moncada, strEmail=memoncaditapp@hotmail.com, strMes=August, strDia=2, strAno=2002, strLenguaje=Spanish, strCity=Bogota D.C, strCodPostal=250240, strMovilBrand=Samsung, strMovilModel=A900, strMovilOperating=BlackBerry 4.2.2, strPassword=Colombianos87., strConfirmPassword=Colombianos87., strUserLogin=memoncaditapp@hotmail.com, strPassLogin=Colombianos87.} [Given that Manuel needs to learn how to register on Utest portal with our help, When he enter the data required by the register form
| strFirstName | strLastName | strEmail | strMes | strDia | strAno | strLenguaje | strCity | strCodPostal | strMovilBrand | strMovilModel | strMovilOperating | strPassword | strConfirmPassword |
| josefer | Moncada | memoncaditapp@hotmail.com | August | 2 | 2002 | Spanish | Bogota D.C | 250240 | Samsung | A900 | BlackBerry 4.2.2 | Colombianos87. | Colombianos87. | [Manuel open up [Manuel opens the Reto tecnico page], Manuel register [Manuel clicks on button that shows us the form to login, Manuel enters 'josefer' into button that shows us the form to login, Manuel enters 'Moncada' into button that shows us the form to login, Manuel enters 'memoncaditapp@hotmail.com' into button that shows us the form to login, Manuel select August on button that shows us the form to login, Manuel select 2 on button that shows us the form to login, Manuel select 2002 on button that shows us the form to login, Manuel enters 'Spanish' into button that shows us the form to login, Manuel clicks on button that shows us the form to login, Manuel clicks on button that shows us the form to login, Manuel enters 'Bogota D.C' into button that shows us the form to login, Manuel types 'ARROW_DOWN' in button that shows us the form to login, Manuel types 'ENTER' in button that shows us the form to login, Manuel enters '250240' into button that shows us the form to login, Manuel clicks on button that shows us the form to login, Manuel enters 'Samsung' into button that shows us the form to login, Manuel enters 'A900' into button that shows us the form to login, Manuel enters 'BlackBerry 4.2.2' into button that shows us the form to login, Manuel clicks on button that shows us the form to login, Manuel enters 'Colombianos87.' into button that shows us the form to login, Manuel enters 'Colombianos87.' into button that shows us the form to login, Manuel clicks on button that shows us the form to login, Manuel clicks on button that shows us the form to login, Manuel clicks on button that shows us the form to login]], Then he will be registered as a client and will be able to enter the portal
| strUserLogin | strPassLogin | strEmail |
| memoncaditapp@hotmail.com | Colombianos87. | memoncaditapp@hotmail.com | [Manuel open up [Manuel opens the Reto tecnico page], Manuel login [Manuel clicks on button that shows us the form to login, Manuel enters 'memoncaditapp@hotmail.com' into button that shows us the form to login, Manuel enters 'Colombianos87.' into button that shows us the form to login, Manuel clicks on button that shows us the form to login], Then answer]]
[Test worker] WARN net.thucydides.core.steps.BaseStepListener - stepFinished: current outcome:Search for a automation course:Example: {strFirstName=josefer, strLastName=Moncada, strEmail=memoncaditapp@hotmail.com, strMes=August, strDia=2, strAno=2002, strLenguaje=Spanish, strCity=Bogota D.C, strCodPostal=250240, strMovilBrand=Samsung, strMovilModel=A900, strMovilOperating=BlackBerry 4.2.2, strPassword=Colombianos87., strConfirmPassword=Colombianos87., strUserLogin=memoncaditapp@hotmail.com, strPassLogin=Colombianos87.} [Given that Manuel needs to learn how to register on Utest portal with our help, When he enter the data required by the register form
| strFirstName | strLastName | strEmail | strMes | strDia | strAno | strLenguaje | strCity | strCodPostal | strMovilBrand | strMovilModel | strMovilOperating | strPassword | strConfirmPassword |
| josefer | Moncada | memoncaditapp@hotmail.com | August | 2 | 2002 | Spanish | Bogota D.C | 250240 | Samsung | A900 | BlackBerry 4.2.2 | Colombianos87. | Colombianos87. | [Manuel open up [Manuel opens the Reto tecnico page], Manuel register [Manuel clicks on button that shows us the form to login, Manuel enters 'josefer' into button that shows us the form to login, Manuel enters 'Moncada' into button that shows us the form to login, Manuel enters 'memoncaditapp@hotmail.com' into button that shows us the form to login, Manuel select August on button that shows us the form to login, Manuel select 2 on button that shows us the form to login, Manuel select 2002 on button that shows us the form to login, Manuel enters 'Spanish' into button that shows us the form to login, Manuel clicks on button that shows us the form to login, Manuel clicks on button that shows us the form to login, Manuel enters 'Bogota D.C' into button that shows us the form to login, Manuel types 'ARROW_DOWN' in button that shows us the form to login, Manuel types 'ENTER' in button that shows us the form to login, Manuel enters '250240' into button that shows us the form to login, Manuel clicks on button that shows us the form to login, Manuel enters 'Samsung' into button that shows us the form to login, Manuel enters 'A900' into button that shows us the form to login, Manuel enters 'BlackBerry 4.2.2' into button that shows us the form to login, Manuel clicks on button that shows us the form to login, Manuel enters 'Colombianos87.' into button that shows us the form to login, Manuel enters 'Colombianos87.' into button that shows us the form to login, Manuel clicks on button that shows us the form to login, Manuel clicks on button that shows us the form to login, Manuel clicks on button that shows us the form to login]], Then he will be registered as a client and will be able to enter the portal
| strUserLogin | strPassLogin | strEmail |
| memoncaditapp@hotmail.com | Colombianos87. | memoncaditapp@hotmail.com | [Manuel open up [Manuel opens the Reto tecnico page], Manuel login [Manuel clicks on button that shows us the form to login, Manuel enters 'memoncaditapp@hotmail.com' into button that shows us the form to login, Manuel enters 'Colombianos87.' into button that shows us the form to login, Manuel clicks on button that shows us the form to login], Then answer]]
[Test worker] WARN net.thucydides.core.steps.BaseStepListener - testFinished: Search for a automation course:Example: {strFirstName=josefer, strLastName=Moncada, strEmail=memoncaditapp@hotmail.com, strMes=August, strDia=2, strAno=2002, strLenguaje=Spanish, strCity=Bogota D.C, strCodPostal=250240, strMovilBrand=Samsung, strMovilModel=A900, strMovilOperating=BlackBerry 4.2.2, strPassword=Colombianos87., strConfirmPassword=Colombianos87., strUserLogin=memoncaditapp@hotmail.com, strPassLogin=Colombianos87.} [Given that Manuel needs to learn how to register on Utest portal with our help, When he enter the data required by the register form
| strFirstName | strLastName | strEmail | strMes | strDia | strAno | strLenguaje | strCity | strCodPostal | strMovilBrand | strMovilModel | strMovilOperating | strPassword | strConfirmPassword |
| josefer | Moncada | memoncaditapp@hotmail.com | August | 2 | 2002 | Spanish | Bogota D.C | 250240 | Samsung | A900 | BlackBerry 4.2.2 | Colombianos87. | Colombianos87. | [Manuel open up [Manuel opens the Reto tecnico page], Manuel register [Manuel clicks on button that shows us the form to login, Manuel enters 'josefer' into button that shows us the form to login, Manuel enters 'Moncada' into button that shows us the form to login, Manuel enters 'memoncaditapp@hotmail.com' into button that shows us the form to login, Manuel select August on button that shows us the form to login, Manuel select 2 on button that shows us the form to login, Manuel select 2002 on button that shows us the form to login, Manuel enters 'Spanish' into button that shows us the form to login, Manuel clicks on button that shows us the form to login, Manuel clicks on button that shows us the form to login, Manuel enters 'Bogota D.C' into button that shows us the form to login, Manuel types 'ARROW_DOWN' in button that shows us the form to login, Manuel types 'ENTER' in button that shows us the form to login, Manuel enters '250240' into button that shows us the form to login, Manuel clicks on button that shows us the form to login, Manuel enters 'Samsung' into button that shows us the form to login, Manuel enters 'A900' into button that shows us the form to login, Manuel enters 'BlackBerry 4.2.2' into button that shows us the form to login, Manuel clicks on button that shows us the form to login, Manuel enters 'Colombianos87.' into button that shows us the form to login, Manuel enters 'Colombianos87.' into button that shows us the form to login, Manuel clicks on button that shows us the form to login, Manuel clicks on button that shows us the form to login, Manuel clicks on button that shows us the form to login]], Then he will be registered as a client and will be able to enter the portal
| strUserLogin | strPassLogin | strEmail |
| memoncaditapp@hotmail.com | Colombianos87. | memoncaditapp@hotmail.com | [Manuel open up [Manuel opens the Reto tecnico page], Manuel login [Manuel clicks on button that shows us the form to login, Manuel enters 'memoncaditapp@hotmail.com' into button that shows us the form to login, Manuel enters 'Colombianos87.' into button that shows us the form to login, Manuel clicks on button that shows us the form to login], Then answer]]
[Test worker] WARN net.thucydides.core.steps.BaseStepListener - TestOutcomes: [Search for a automation course:Example: {strFirstName=josefer, strLastName=Moncada, strEmail=memoncaditapp@hotmail.com, strMes=August, strDia=2, strAno=2002, strLenguaje=Spanish, strCity=Bogota D.C, strCodPostal=250240, strMovilBrand=Samsung, strMovilModel=A900, strMovilOperating=BlackBerry 4.2.2, strPassword=Colombianos87., strConfirmPassword=Colombianos87., strUserLogin=memoncaditapp@hotmail.com, strPassLogin=Colombianos87.} [Given that Manuel needs to learn how to register on Utest portal with our help, When he enter the data required by the register form
| strFirstName | strLastName | strEmail | strMes | strDia | strAno | strLenguaje | strCity | strCodPostal | strMovilBrand | strMovilModel | strMovilOperating | strPassword | strConfirmPassword |
| josefer | Moncada | memoncaditapp@hotmail.com | August | 2 | 2002 | Spanish | Bogota D.C | 250240 | Samsung | A900 | BlackBerry 4.2.2 | Colombianos87. | Colombianos87. | [Manuel open up [Manuel opens the Reto tecnico page], Manuel register [Manuel clicks on button that shows us the form to login, Manuel enters 'josefer' into button that shows us the form to login, Manuel enters 'Moncada' into button that shows us the form to login, Manuel enters 'memoncaditapp@hotmail.com' into button that shows us the form to login, Manuel select August on button that shows us the form to login, Manuel select 2 on button that shows us the form to login, Manuel select 2002 on button that shows us the form to login, Manuel enters 'Spanish' into button that shows us the form to login, Manuel clicks on button that shows us the form to login, Manuel clicks on button that shows us the form to login, Manuel enters 'Bogota D.C' into button that shows us the form to login, Manuel types 'ARROW_DOWN' in button that shows us the form to login, Manuel types 'ENTER' in button that shows us the form to login, Manuel enters '250240' into button that shows us the form to login, Manuel clicks on button that shows us the form to login, Manuel enters 'Samsung' into button that shows us the form to login, Manuel enters 'A900' into button that shows us the form to login, Manuel enters 'BlackBerry 4.2.2' into button that shows us the form to login, Manuel clicks on button that shows us the form to login, Manuel enters 'Colombianos87.' into button that shows us the form to login, Manuel enters 'Colombianos87.' into button that shows us the form to login, Manuel clicks on button that shows us the form to login, Manuel clicks on button that shows us the form to login, Manuel clicks on button that shows us the form to login]], Then he will be registered as a client and will be able to enter the portal
| strUserLogin | strPassLogin | strEmail |
| memoncaditapp@hotmail.com | Colombianos87. | memoncaditapp@hotmail.com | [Manuel open up [Manuel opens the Reto tecnico page], Manuel login [Manuel clicks on button that shows us the form to login, Manuel enters 'memoncaditapp@hotmail.com' into button that shows us the form to login, Manuel enters 'Colombianos87.' into button that shows us the form to login, Manuel clicks on button that shows us the form to login], Then answer]]]
[Test worker] WARN net.thucydides.core.steps.BaseStepListener - Final testOutcomes: [Search for a automation course:Example: {strFirstName=josefer, strLastName=Moncada, strEmail=memoncaditapp@hotmail.com, strMes=August, strDia=2, strAno=2002, strLenguaje=Spanish, strCity=Bogota D.C, strCodPostal=250240, strMovilBrand=Samsung, strMovilModel=A900, strMovilOperating=BlackBerry 4.2.2, strPassword=Colombianos87., strConfirmPassword=Colombianos87., strUserLogin=memoncaditapp@hotmail.com, strPassLogin=Colombianos87.} [Given that Manuel needs to learn how to register on Utest portal with our help, When he enter the data required by the register form
| strFirstName | strLastName | strEmail | strMes | strDia | strAno | strLenguaje | strCity | strCodPostal | strMovilBrand | strMovilModel | strMovilOperating | strPassword | strConfirmPassword |
| josefer | Moncada | memoncaditapp@hotmail.com | August | 2 | 2002 | Spanish | Bogota D.C | 250240 | Samsung | A900 | BlackBerry 4.2.2 | Colombianos87. | Colombianos87. | [Manuel open up [Manuel opens the Reto tecnico page], Manuel register [Manuel clicks on button that shows us the form to login, Manuel enters 'josefer' into button that shows us the form to login, Manuel enters 'Moncada' into button that shows us the form to login, Manuel enters 'memoncaditapp@hotmail.com' into button that shows us the form to login, Manuel select August on button that shows us the form to login, Manuel select 2 on button that shows us the form to login, Manuel select 2002 on button that shows us the form to login, Manuel enters 'Spanish' into button that shows us the form to login, Manuel clicks on button that shows us the form to login, Manuel clicks on button that shows us the form to login, Manuel enters 'Bogota D.C' into button that shows us the form to login, Manuel types 'ARROW_DOWN' in button that shows us the form to login, Manuel types 'ENTER' in button that shows us the form to login, Manuel enters '250240' into button that shows us the form to login, Manuel clicks on button that shows us the form to login, Manuel enters 'Samsung' into button that shows us the form to login, Manuel enters 'A900' into button that shows us the form to login, Manuel enters 'BlackBerry 4.2.2' into button that shows us the form to login, Manuel clicks on button that shows us the form to login, Manuel enters 'Colombianos87.' into button that shows us the form to login, Manuel enters 'Colombianos87.' into button that shows us the form to login, Manuel clicks on button that shows us the form to login, Manuel clicks on button that shows us the form to login, Manuel clicks on button that shows us the form to login]], Then he will be registered as a client and will be able to enter the portal
| strUserLogin | strPassLogin | strEmail |
| memoncaditapp@hotmail.com | Colombianos87. | memoncaditapp@hotmail.com | [Manuel open up [Manuel opens the Reto tecnico page], Manuel login [Manuel clicks on button that shows us the form to login, Manuel enters 'memoncaditapp@hotmail.com' into button that shows us the form to login, Manuel enters 'Colombianos87.' into button that shows us the form to login, Manuel clicks on button that shows us the form to login], Then answer]]]
[Test worker] INFO net.thucydides.core.steps.ConsoleLoggingListener - 
        __    _____ _____ ____ _____   ____   _    ____  ____  _____ ____  
  _     \ \  |_   _| ____/ ___|_   _| |  _ \ / \  / ___|/ ___|| ____|  _ \ 
 (_)_____| |   | | |  _| \___ \ | |   | |_) / _ \ \___ \\___ \|  _| | | | |
  _|_____| |   | | | |___ ___) || |   |  __/ ___ \ ___) |___) | |___| |_| |
 (_)     | |   |_| |_____|____/ |_|   |_| /_/   \_\____/|____/|_____|____/ 
        /_/                                                                

TEST PASSED: Search for a automation course
----------------------------------------------------------------------------
]]></system-err>
</testsuite>
